Analysis & Synthesis report for mcu
Mon Dec 21 18:56:13 2020
Quartus II 64-Bit Version 13.1.0 Build 162 10/23/2013 SJ Web Edition


---------------------
; Table of Contents ;
---------------------
  1. Legal Notice
  2. Analysis & Synthesis Summary
  3. Analysis & Synthesis Settings
  4. Parallel Compilation
  5. Analysis & Synthesis Source Files Read
  6. Analysis & Synthesis Resource Usage Summary
  7. Analysis & Synthesis Resource Utilization by Entity
  8. Analysis & Synthesis RAM Summary
  9. State Machine - |mcu|CPU:c1|ps
 10. User-Specified and Inferred Latches
 11. Registers Removed During Synthesis
 12. General Register Statistics
 13. Registers Added for RAM Pass-Through Logic
 14. Multiplexer Restructuring Statistics (Restructuring Performed)
 15. Source assignments for CPU:c1|single_port_ram_128x8:Ram|altsyncram:ram_rtl_0|altsyncram_v8c1:auto_generated
 16. Source assignments for CPU:c1|Stack:st|altsyncram:stack_rtl_0|altsyncram_9bc1:auto_generated
 17. Parameter Settings for Inferred Entity Instance: CPU:c1|single_port_ram_128x8:Ram|altsyncram:ram_rtl_0
 18. Parameter Settings for Inferred Entity Instance: CPU:c1|Stack:st|altsyncram:stack_rtl_0
 19. altsyncram Parameter Settings by Entity Instance
 20. Elapsed Time Per Partition
 21. Analysis & Synthesis Messages
 22. Analysis & Synthesis Suppressed Messages



----------------
; Legal Notice ;
----------------
Copyright (C) 1991-2013 Altera Corporation
Your use of Altera Corporation's design tools, logic functions 
and other software and tools, and its AMPP partner logic 
functions, and any output files from any of the foregoing 
(including device programming or simulation files), and any 
associated documentation or information are expressly subject 
to the terms and conditions of the Altera Program License 
Subscription Agreement, Altera MegaCore Function License 
Agreement, or other applicable license agreement, including, 
without limitation, that your use is for the sole purpose of 
programming logic devices manufactured by Altera and sold by 
Altera or its authorized distributors.  Please refer to the 
applicable agreement for further details.



+---------------------------------------------------------------------------------+
; Analysis & Synthesis Summary                                                    ;
+------------------------------------+--------------------------------------------+
; Analysis & Synthesis Status        ; Successful - Mon Dec 21 18:56:13 2020      ;
; Quartus II 64-Bit Version          ; 13.1.0 Build 162 10/23/2013 SJ Web Edition ;
; Revision Name                      ; mcu                                        ;
; Top-level Entity Name              ; mcu                                        ;
; Family                             ; Cyclone III                                ;
; Total logic elements               ; 489                                        ;
;     Total combinational functions  ; 461                                        ;
;     Dedicated logic registers      ; 101                                        ;
; Total registers                    ; 101                                        ;
; Total pins                         ; 52                                         ;
; Total virtual pins                 ; 0                                          ;
; Total memory bits                  ; 688                                        ;
; Embedded Multiplier 9-bit elements ; 0                                          ;
; Total PLLs                         ; 0                                          ;
+------------------------------------+--------------------------------------------+


+----------------------------------------------------------------------------------------------------------------------+
; Analysis & Synthesis Settings                                                                                        ;
+----------------------------------------------------------------------------+--------------------+--------------------+
; Option                                                                     ; Setting            ; Default Value      ;
+----------------------------------------------------------------------------+--------------------+--------------------+
; Device                                                                     ; EP3C16F484C6       ;                    ;
; Top-level entity name                                                      ; mcu                ; mcu                ;
; Family name                                                                ; Cyclone III        ; Cyclone IV GX      ;
; Use smart compilation                                                      ; Off                ; Off                ;
; Enable parallel Assembler and TimeQuest Timing Analyzer during compilation ; On                 ; On                 ;
; Enable compact report table                                                ; Off                ; Off                ;
; Restructure Multiplexers                                                   ; Auto               ; Auto               ;
; Create Debugging Nodes for IP Cores                                        ; Off                ; Off                ;
; Preserve fewer node names                                                  ; On                 ; On                 ;
; Disable OpenCore Plus hardware evaluation                                  ; Off                ; Off                ;
; Verilog Version                                                            ; Verilog_2001       ; Verilog_2001       ;
; VHDL Version                                                               ; VHDL_1993          ; VHDL_1993          ;
; State Machine Processing                                                   ; Auto               ; Auto               ;
; Safe State Machine                                                         ; Off                ; Off                ;
; Extract Verilog State Machines                                             ; On                 ; On                 ;
; Extract VHDL State Machines                                                ; On                 ; On                 ;
; Ignore Verilog initial constructs                                          ; Off                ; Off                ;
; Iteration limit for constant Verilog loops                                 ; 5000               ; 5000               ;
; Iteration limit for non-constant Verilog loops                             ; 250                ; 250                ;
; Add Pass-Through Logic to Inferred RAMs                                    ; On                 ; On                 ;
; Infer RAMs from Raw Logic                                                  ; On                 ; On                 ;
; Parallel Synthesis                                                         ; On                 ; On                 ;
; DSP Block Balancing                                                        ; Auto               ; Auto               ;
; NOT Gate Push-Back                                                         ; On                 ; On                 ;
; Power-Up Don't Care                                                        ; On                 ; On                 ;
; Remove Redundant Logic Cells                                               ; Off                ; Off                ;
; Remove Duplicate Registers                                                 ; On                 ; On                 ;
; Ignore CARRY Buffers                                                       ; Off                ; Off                ;
; Ignore CASCADE Buffers                                                     ; Off                ; Off                ;
; Ignore GLOBAL Buffers                                                      ; Off                ; Off                ;
; Ignore ROW GLOBAL Buffers                                                  ; Off                ; Off                ;
; Ignore LCELL Buffers                                                       ; Off                ; Off                ;
; Ignore SOFT Buffers                                                        ; On                 ; On                 ;
; Limit AHDL Integers to 32 Bits                                             ; Off                ; Off                ;
; Optimization Technique                                                     ; Balanced           ; Balanced           ;
; Carry Chain Length                                                         ; 70                 ; 70                 ;
; Auto Carry Chains                                                          ; On                 ; On                 ;
; Auto Open-Drain Pins                                                       ; On                 ; On                 ;
; Perform WYSIWYG Primitive Resynthesis                                      ; Off                ; Off                ;
; Auto ROM Replacement                                                       ; On                 ; On                 ;
; Auto RAM Replacement                                                       ; On                 ; On                 ;
; Auto DSP Block Replacement                                                 ; On                 ; On                 ;
; Auto Shift Register Replacement                                            ; Auto               ; Auto               ;
; Allow Shift Register Merging across Hierarchies                            ; Auto               ; Auto               ;
; Auto Clock Enable Replacement                                              ; On                 ; On                 ;
; Strict RAM Replacement                                                     ; Off                ; Off                ;
; Allow Synchronous Control Signals                                          ; On                 ; On                 ;
; Force Use of Synchronous Clear Signals                                     ; Off                ; Off                ;
; Auto RAM Block Balancing                                                   ; On                 ; On                 ;
; Auto RAM to Logic Cell Conversion                                          ; Off                ; Off                ;
; Auto Resource Sharing                                                      ; Off                ; Off                ;
; Allow Any RAM Size For Recognition                                         ; Off                ; Off                ;
; Allow Any ROM Size For Recognition                                         ; Off                ; Off                ;
; Allow Any Shift Register Size For Recognition                              ; Off                ; Off                ;
; Use LogicLock Constraints during Resource Balancing                        ; On                 ; On                 ;
; Ignore translate_off and synthesis_off directives                          ; Off                ; Off                ;
; Timing-Driven Synthesis                                                    ; On                 ; On                 ;
; Report Parameter Settings                                                  ; On                 ; On                 ;
; Report Source Assignments                                                  ; On                 ; On                 ;
; Report Connectivity Checks                                                 ; On                 ; On                 ;
; Ignore Maximum Fan-Out Assignments                                         ; Off                ; Off                ;
; Synchronization Register Chain Length                                      ; 2                  ; 2                  ;
; PowerPlay Power Optimization                                               ; Normal compilation ; Normal compilation ;
; HDL message level                                                          ; Level2             ; Level2             ;
; Suppress Register Optimization Related Messages                            ; Off                ; Off                ;
; Number of Removed Registers Reported in Synthesis Report                   ; 5000               ; 5000               ;
; Number of Swept Nodes Reported in Synthesis Report                         ; 5000               ; 5000               ;
; Number of Inverted Registers Reported in Synthesis Report                  ; 100                ; 100                ;
; Clock MUX Protection                                                       ; On                 ; On                 ;
; Auto Gated Clock Conversion                                                ; Off                ; Off                ;
; Block Design Naming                                                        ; Auto               ; Auto               ;
; SDC constraint protection                                                  ; Off                ; Off                ;
; Synthesis Effort                                                           ; Auto               ; Auto               ;
; Shift Register Replacement - Allow Asynchronous Clear Signal               ; On                 ; On                 ;
; Pre-Mapping Resynthesis Optimization                                       ; Off                ; Off                ;
; Analysis & Synthesis Message Level                                         ; Medium             ; Medium             ;
; Disable Register Merging Across Hierarchies                                ; Auto               ; Auto               ;
; Resource Aware Inference For Block RAM                                     ; On                 ; On                 ;
; Synthesis Seed                                                             ; 1                  ; 1                  ;
+----------------------------------------------------------------------------+--------------------+--------------------+


+------------------------------------------+
; Parallel Compilation                     ;
+----------------------------+-------------+
; Processors                 ; Number      ;
+----------------------------+-------------+
; Number detected on machine ; 8           ;
; Maximum allowed            ; 4           ;
;                            ;             ;
; Average used               ; 1.00        ;
; Maximum used               ; 1           ;
;                            ;             ;
; Usage by Processor         ; % Time Used ;
;     Processor 1            ; 100.0%      ;
;     Processors 2-8         ;   0.0%      ;
+----------------------------+-------------+


+---------------------------------------------------------------------------------------------------------------------------------------------------------------------------------+
; Analysis & Synthesis Source Files Read                                                                                                                                          ;
+----------------------------------+-----------------+------------------------------+-----------------------------------------------------------------------------------+---------+
; File Name with User-Entered Path ; Used in Netlist ; File Type                    ; File Name with Absolute Path                                                      ; Library ;
+----------------------------------+-----------------+------------------------------+-----------------------------------------------------------------------------------+---------+
; seven_segment.v                  ; yes             ; User Verilog HDL File        ; C:/Users/user/Desktop/hw12/hw12/de0_empty_project (1)/de0/seven_segment.v         ;         ;
; Stack.v                          ; yes             ; User Verilog HDL File        ; C:/Users/user/Desktop/hw12/hw12/de0_empty_project (1)/de0/Stack.v                 ;         ;
; single_port_ram_128x8.v          ; yes             ; User Verilog HDL File        ; C:/Users/user/Desktop/hw12/hw12/de0_empty_project (1)/de0/single_port_ram_128x8.v ;         ;
; Program_Rom.v                    ; yes             ; User Verilog HDL File        ; C:/Users/user/Desktop/hw12/hw12/de0_empty_project (1)/de0/Program_Rom.v           ;         ;
; CPU.v                            ; yes             ; User Verilog HDL File        ; C:/Users/user/Desktop/hw12/hw12/de0_empty_project (1)/de0/CPU.v                   ;         ;
; mcu.v                            ; yes             ; User Verilog HDL File        ; C:/Users/user/Desktop/hw12/hw12/de0_empty_project (1)/de0/mcu.v                   ;         ;
; altsyncram.tdf                   ; yes             ; Megafunction                 ; c:/altera/13.1/quartus/libraries/megafunctions/altsyncram.tdf                     ;         ;
; stratix_ram_block.inc            ; yes             ; Megafunction                 ; c:/altera/13.1/quartus/libraries/megafunctions/stratix_ram_block.inc              ;         ;
; lpm_mux.inc                      ; yes             ; Megafunction                 ; c:/altera/13.1/quartus/libraries/megafunctions/lpm_mux.inc                        ;         ;
; lpm_decode.inc                   ; yes             ; Megafunction                 ; c:/altera/13.1/quartus/libraries/megafunctions/lpm_decode.inc                     ;         ;
; aglobal131.inc                   ; yes             ; Megafunction                 ; c:/altera/13.1/quartus/libraries/megafunctions/aglobal131.inc                     ;         ;
; a_rdenreg.inc                    ; yes             ; Megafunction                 ; c:/altera/13.1/quartus/libraries/megafunctions/a_rdenreg.inc                      ;         ;
; altrom.inc                       ; yes             ; Megafunction                 ; c:/altera/13.1/quartus/libraries/megafunctions/altrom.inc                         ;         ;
; altram.inc                       ; yes             ; Megafunction                 ; c:/altera/13.1/quartus/libraries/megafunctions/altram.inc                         ;         ;
; altdpram.inc                     ; yes             ; Megafunction                 ; c:/altera/13.1/quartus/libraries/megafunctions/altdpram.inc                       ;         ;
; db/altsyncram_v8c1.tdf           ; yes             ; Auto-Generated Megafunction  ; C:/Users/user/Desktop/hw12/hw12/de0_empty_project (1)/de0/db/altsyncram_v8c1.tdf  ;         ;
; db/altsyncram_9bc1.tdf           ; yes             ; Auto-Generated Megafunction  ; C:/Users/user/Desktop/hw12/hw12/de0_empty_project (1)/de0/db/altsyncram_9bc1.tdf  ;         ;
+----------------------------------+-----------------+------------------------------+-----------------------------------------------------------------------------------+---------+


+---------------------------------------------------------+
; Analysis & Synthesis Resource Usage Summary             ;
+---------------------------------------------+-----------+
; Resource                                    ; Usage     ;
+---------------------------------------------+-----------+
; Estimated Total logic elements              ; 489       ;
;                                             ;           ;
; Total combinational functions               ; 461       ;
; Logic element usage by number of LUT inputs ;           ;
;     -- 4 input functions                    ; 274       ;
;     -- 3 input functions                    ; 107       ;
;     -- <=2 input functions                  ; 80        ;
;                                             ;           ;
; Logic elements by mode                      ;           ;
;     -- normal mode                          ; 423       ;
;     -- arithmetic mode                      ; 38        ;
;                                             ;           ;
; Total registers                             ; 101       ;
;     -- Dedicated logic registers            ; 101       ;
;     -- I/O registers                        ; 0         ;
;                                             ;           ;
; I/O pins                                    ; 52        ;
; Total memory bits                           ; 688       ;
; Embedded Multiplier 9-bit elements          ; 0         ;
; Maximum fan-out node                        ; CLK~input ;
; Maximum fan-out                             ; 120       ;
; Total fan-out                               ; 2141      ;
; Average fan-out                             ; 3.13      ;
+---------------------------------------------+-----------+


+---------------------------------------------------------------------------------------------------------------------------------------------------------------------------------------------------------------------------------------------------------------------+
; Analysis & Synthesis Resource Utilization by Entity                                                                                                                                                                                                                 ;
+----------------------------------------------+-------------------+--------------+-------------+--------------+---------+-----------+------+--------------+-------------------------------------------------------------------------------------------+--------------+
; Compilation Hierarchy Node                   ; LC Combinationals ; LC Registers ; Memory Bits ; DSP Elements ; DSP 9x9 ; DSP 18x18 ; Pins ; Virtual Pins ; Full Hierarchy Name                                                                       ; Library Name ;
+----------------------------------------------+-------------------+--------------+-------------+--------------+---------+-----------+------+--------------+-------------------------------------------------------------------------------------------+--------------+
; |mcu                                         ; 461 (0)           ; 101 (0)      ; 688         ; 0            ; 0       ; 0         ; 52   ; 0            ; |mcu                                                                                      ; work         ;
;    |CPU:c1|                                  ; 447 (349)         ; 101 (56)     ; 688         ; 0            ; 0       ; 0         ; 0    ; 0            ; |mcu|CPU:c1                                                                               ; work         ;
;       |Program_Rom:Rom|                      ; 68 (68)           ; 0 (0)        ; 0           ; 0            ; 0       ; 0         ; 0    ; 0            ; |mcu|CPU:c1|Program_Rom:Rom                                                               ; work         ;
;       |Stack:st|                             ; 17 (17)           ; 24 (24)      ; 176         ; 0            ; 0       ; 0         ; 0    ; 0            ; |mcu|CPU:c1|Stack:st                                                                      ; work         ;
;          |altsyncram:stack_rtl_0|            ; 0 (0)             ; 0 (0)        ; 176         ; 0            ; 0       ; 0         ; 0    ; 0            ; |mcu|CPU:c1|Stack:st|altsyncram:stack_rtl_0                                               ; work         ;
;             |altsyncram_9bc1:auto_generated| ; 0 (0)             ; 0 (0)        ; 176         ; 0            ; 0       ; 0         ; 0    ; 0            ; |mcu|CPU:c1|Stack:st|altsyncram:stack_rtl_0|altsyncram_9bc1:auto_generated                ; work         ;
;       |single_port_ram_128x8:Ram|            ; 13 (13)           ; 21 (21)      ; 512         ; 0            ; 0       ; 0         ; 0    ; 0            ; |mcu|CPU:c1|single_port_ram_128x8:Ram                                                     ; work         ;
;          |altsyncram:ram_rtl_0|              ; 0 (0)             ; 0 (0)        ; 512         ; 0            ; 0       ; 0         ; 0    ; 0            ; |mcu|CPU:c1|single_port_ram_128x8:Ram|altsyncram:ram_rtl_0                                ; work         ;
;             |altsyncram_v8c1:auto_generated| ; 0 (0)             ; 0 (0)        ; 512         ; 0            ; 0       ; 0         ; 0    ; 0            ; |mcu|CPU:c1|single_port_ram_128x8:Ram|altsyncram:ram_rtl_0|altsyncram_v8c1:auto_generated ; work         ;
;    |seven_segment:s1|                        ; 7 (7)             ; 0 (0)        ; 0           ; 0            ; 0       ; 0         ; 0    ; 0            ; |mcu|seven_segment:s1                                                                     ; work         ;
;    |seven_segment:s2|                        ; 7 (7)             ; 0 (0)        ; 0           ; 0            ; 0       ; 0         ; 0    ; 0            ; |mcu|seven_segment:s2                                                                     ; work         ;
+----------------------------------------------+-------------------+--------------+-------------+--------------+---------+-----------+------+--------------+-------------------------------------------------------------------------------------------+--------------+
Note: For table entries with two numbers listed, the numbers in parentheses indicate the number of resources of the given type used by the specific entity alone. The numbers listed outside of parentheses indicate the total resources of the given type used by the specific entity and all of its sub-entities in the hierarchy.


+-----------------------------------------------------------------------------------------------------------------------------------------------------------------------------------------------------+
; Analysis & Synthesis RAM Summary                                                                                                                                                                    ;
+-------------------------------------------------------------------------------------------------+------+------------------+--------------+--------------+--------------+--------------+------+------+
; Name                                                                                            ; Type ; Mode             ; Port A Depth ; Port A Width ; Port B Depth ; Port B Width ; Size ; MIF  ;
+-------------------------------------------------------------------------------------------------+------+------------------+--------------+--------------+--------------+--------------+------+------+
; CPU:c1|Stack:st|altsyncram:stack_rtl_0|altsyncram_9bc1:auto_generated|ALTSYNCRAM                ; AUTO ; Simple Dual Port ; 16           ; 11           ; 16           ; 11           ; 176  ; None ;
; CPU:c1|single_port_ram_128x8:Ram|altsyncram:ram_rtl_0|altsyncram_v8c1:auto_generated|ALTSYNCRAM ; AUTO ; Simple Dual Port ; 64           ; 8            ; 64           ; 8            ; 512  ; None ;
+-------------------------------------------------------------------------------------------------+------+------------------+--------------+--------------+--------------+--------------+------+------+


Encoding Type:  One-Hot
+-----------------------------------------------------+
; State Machine - |mcu|CPU:c1|ps                      ;
+--------+--------+--------+--------+--------+--------+
; Name   ; ps.011 ; ps.010 ; ps.001 ; ps.000 ; ps.100 ;
+--------+--------+--------+--------+--------+--------+
; ps.000 ; 0      ; 0      ; 0      ; 0      ; 0      ;
; ps.001 ; 0      ; 0      ; 1      ; 1      ; 0      ;
; ps.010 ; 0      ; 1      ; 0      ; 1      ; 0      ;
; ps.011 ; 1      ; 0      ; 0      ; 1      ; 0      ;
; ps.100 ; 0      ; 0      ; 0      ; 1      ; 1      ;
+--------+--------+--------+--------+--------+--------+


+----------------------------------------------------------------------------------------------------+
; User-Specified and Inferred Latches                                                                ;
+-----------------------------------------------------+---------------------+------------------------+
; Latch Name                                          ; Latch Enable Signal ; Free of Timing Hazards ;
+-----------------------------------------------------+---------------------+------------------------+
; CPU:c1|op.1111_2023                                 ; CPU:c1|op.0001      ; yes                    ;
; CPU:c1|sel_alu                                      ; CPU:c1|sel_alu      ; yes                    ;
; CPU:c1|op.1101_2147                                 ; CPU:c1|op.0001      ; yes                    ;
; CPU:c1|op.1010_2333                                 ; CPU:c1|op.0001      ; yes                    ;
; CPU:c1|op.1110_2085                                 ; CPU:c1|op.0001      ; yes                    ;
; CPU:c1|op.1100_2209                                 ; CPU:c1|op.0001      ; yes                    ;
; CPU:c1|op.1001_2395                                 ; CPU:c1|op.0001      ; yes                    ;
; CPU:c1|op.0101_2643                                 ; CPU:c1|op.0001      ; yes                    ;
; CPU:c1|op.0100_2705                                 ; CPU:c1|op.0001      ; yes                    ;
; CPU:c1|op.0011_2767                                 ; CPU:c1|op.0001      ; yes                    ;
; CPU:c1|op.0010_2829                                 ; CPU:c1|op.0001      ; yes                    ;
; CPU:c1|op.0000_2953                                 ; CPU:c1|op.0001      ; yes                    ;
; CPU:c1|op.0111_2519                                 ; CPU:c1|op.0001      ; yes                    ;
; CPU:c1|op.0110_2581                                 ; CPU:c1|op.0001      ; yes                    ;
; CPU:c1|op.0001_2891                                 ; CPU:c1|op.0001      ; yes                    ;
; CPU:c1|sel_bus                                      ; CPU:c1|sel_bus      ; yes                    ;
; CPU:c1|op.1011_2271                                 ; CPU:c1|op.0001      ; yes                    ;
; Number of user-specified and inferred latches = 17  ;                     ;                        ;
+-----------------------------------------------------+---------------------+------------------------+
Note: All latches listed above may not be present at the end of synthesis due to various synthesis optimizations.


+--------------------------------------------------------------------------------+
; Registers Removed During Synthesis                                             ;
+---------------------------------------+----------------------------------------+
; Register name                         ; Reason for Removal                     ;
+---------------------------------------+----------------------------------------+
; CPU:c1|ir_out[6]                      ; Stuck at GND due to stuck port data_in ;
; CPU:c1|ps~2                           ; Lost fanout                            ;
; CPU:c1|ps~3                           ; Lost fanout                            ;
; Total Number of Removed Registers = 3 ;                                        ;
+---------------------------------------+----------------------------------------+


+------------------------------------------------------+
; General Register Statistics                          ;
+----------------------------------------------+-------+
; Statistic                                    ; Value ;
+----------------------------------------------+-------+
; Total registers                              ; 101   ;
; Number of registers using Synchronous Clear  ; 19    ;
; Number of registers using Synchronous Load   ; 0     ;
; Number of registers using Asynchronous Clear ; 0     ;
; Number of registers using Asynchronous Load  ; 0     ;
; Number of registers using Clock Enable       ; 44    ;
; Number of registers using Preset             ; 0     ;
+----------------------------------------------+-------+


+----------------------------------------------------------------------------------------------------+
; Registers Added for RAM Pass-Through Logic                                                         ;
+-------------------------------------------------------+--------------------------------------------+
; Register Name                                         ; RAM Name                                   ;
+-------------------------------------------------------+--------------------------------------------+
; CPU:c1|single_port_ram_128x8:Ram|ram_rtl_0_bypass[0]  ; CPU:c1|single_port_ram_128x8:Ram|ram_rtl_0 ;
; CPU:c1|single_port_ram_128x8:Ram|ram_rtl_0_bypass[1]  ; CPU:c1|single_port_ram_128x8:Ram|ram_rtl_0 ;
; CPU:c1|single_port_ram_128x8:Ram|ram_rtl_0_bypass[2]  ; CPU:c1|single_port_ram_128x8:Ram|ram_rtl_0 ;
; CPU:c1|single_port_ram_128x8:Ram|ram_rtl_0_bypass[3]  ; CPU:c1|single_port_ram_128x8:Ram|ram_rtl_0 ;
; CPU:c1|single_port_ram_128x8:Ram|ram_rtl_0_bypass[4]  ; CPU:c1|single_port_ram_128x8:Ram|ram_rtl_0 ;
; CPU:c1|single_port_ram_128x8:Ram|ram_rtl_0_bypass[5]  ; CPU:c1|single_port_ram_128x8:Ram|ram_rtl_0 ;
; CPU:c1|single_port_ram_128x8:Ram|ram_rtl_0_bypass[6]  ; CPU:c1|single_port_ram_128x8:Ram|ram_rtl_0 ;
; CPU:c1|single_port_ram_128x8:Ram|ram_rtl_0_bypass[7]  ; CPU:c1|single_port_ram_128x8:Ram|ram_rtl_0 ;
; CPU:c1|single_port_ram_128x8:Ram|ram_rtl_0_bypass[8]  ; CPU:c1|single_port_ram_128x8:Ram|ram_rtl_0 ;
; CPU:c1|single_port_ram_128x8:Ram|ram_rtl_0_bypass[9]  ; CPU:c1|single_port_ram_128x8:Ram|ram_rtl_0 ;
; CPU:c1|single_port_ram_128x8:Ram|ram_rtl_0_bypass[10] ; CPU:c1|single_port_ram_128x8:Ram|ram_rtl_0 ;
; CPU:c1|single_port_ram_128x8:Ram|ram_rtl_0_bypass[11] ; CPU:c1|single_port_ram_128x8:Ram|ram_rtl_0 ;
; CPU:c1|single_port_ram_128x8:Ram|ram_rtl_0_bypass[12] ; CPU:c1|single_port_ram_128x8:Ram|ram_rtl_0 ;
; CPU:c1|single_port_ram_128x8:Ram|ram_rtl_0_bypass[13] ; CPU:c1|single_port_ram_128x8:Ram|ram_rtl_0 ;
; CPU:c1|single_port_ram_128x8:Ram|ram_rtl_0_bypass[14] ; CPU:c1|single_port_ram_128x8:Ram|ram_rtl_0 ;
; CPU:c1|single_port_ram_128x8:Ram|ram_rtl_0_bypass[15] ; CPU:c1|single_port_ram_128x8:Ram|ram_rtl_0 ;
; CPU:c1|single_port_ram_128x8:Ram|ram_rtl_0_bypass[16] ; CPU:c1|single_port_ram_128x8:Ram|ram_rtl_0 ;
; CPU:c1|single_port_ram_128x8:Ram|ram_rtl_0_bypass[17] ; CPU:c1|single_port_ram_128x8:Ram|ram_rtl_0 ;
; CPU:c1|single_port_ram_128x8:Ram|ram_rtl_0_bypass[18] ; CPU:c1|single_port_ram_128x8:Ram|ram_rtl_0 ;
; CPU:c1|single_port_ram_128x8:Ram|ram_rtl_0_bypass[19] ; CPU:c1|single_port_ram_128x8:Ram|ram_rtl_0 ;
; CPU:c1|single_port_ram_128x8:Ram|ram_rtl_0_bypass[20] ; CPU:c1|single_port_ram_128x8:Ram|ram_rtl_0 ;
; CPU:c1|Stack:st|stack_rtl_0_bypass[0]                 ; CPU:c1|Stack:st|stack_rtl_0                ;
; CPU:c1|Stack:st|stack_rtl_0_bypass[1]                 ; CPU:c1|Stack:st|stack_rtl_0                ;
; CPU:c1|Stack:st|stack_rtl_0_bypass[2]                 ; CPU:c1|Stack:st|stack_rtl_0                ;
; CPU:c1|Stack:st|stack_rtl_0_bypass[3]                 ; CPU:c1|Stack:st|stack_rtl_0                ;
; CPU:c1|Stack:st|stack_rtl_0_bypass[4]                 ; CPU:c1|Stack:st|stack_rtl_0                ;
; CPU:c1|Stack:st|stack_rtl_0_bypass[5]                 ; CPU:c1|Stack:st|stack_rtl_0                ;
; CPU:c1|Stack:st|stack_rtl_0_bypass[6]                 ; CPU:c1|Stack:st|stack_rtl_0                ;
; CPU:c1|Stack:st|stack_rtl_0_bypass[7]                 ; CPU:c1|Stack:st|stack_rtl_0                ;
; CPU:c1|Stack:st|stack_rtl_0_bypass[8]                 ; CPU:c1|Stack:st|stack_rtl_0                ;
; CPU:c1|Stack:st|stack_rtl_0_bypass[9]                 ; CPU:c1|Stack:st|stack_rtl_0                ;
; CPU:c1|Stack:st|stack_rtl_0_bypass[10]                ; CPU:c1|Stack:st|stack_rtl_0                ;
; CPU:c1|Stack:st|stack_rtl_0_bypass[11]                ; CPU:c1|Stack:st|stack_rtl_0                ;
; CPU:c1|Stack:st|stack_rtl_0_bypass[12]                ; CPU:c1|Stack:st|stack_rtl_0                ;
; CPU:c1|Stack:st|stack_rtl_0_bypass[13]                ; CPU:c1|Stack:st|stack_rtl_0                ;
; CPU:c1|Stack:st|stack_rtl_0_bypass[14]                ; CPU:c1|Stack:st|stack_rtl_0                ;
; CPU:c1|Stack:st|stack_rtl_0_bypass[15]                ; CPU:c1|Stack:st|stack_rtl_0                ;
; CPU:c1|Stack:st|stack_rtl_0_bypass[16]                ; CPU:c1|Stack:st|stack_rtl_0                ;
; CPU:c1|Stack:st|stack_rtl_0_bypass[17]                ; CPU:c1|Stack:st|stack_rtl_0                ;
; CPU:c1|Stack:st|stack_rtl_0_bypass[18]                ; CPU:c1|Stack:st|stack_rtl_0                ;
; CPU:c1|Stack:st|stack_rtl_0_bypass[19]                ; CPU:c1|Stack:st|stack_rtl_0                ;
+-------------------------------------------------------+--------------------------------------------+


+--------------------------------------------------------------------------------------------------------------------------------------------+
; Multiplexer Restructuring Statistics (Restructuring Performed)                                                                             ;
+--------------------+-----------+---------------+----------------------+------------------------+------------+------------------------------+
; Multiplexer Inputs ; Bus Width ; Baseline Area ; Area if Restructured ; Saving if Restructured ; Registered ; Example Multiplexer Output   ;
+--------------------+-----------+---------------+----------------------+------------------------+------------+------------------------------+
; 3:1                ; 11 bits   ; 22 LEs        ; 11 LEs               ; 11 LEs                 ; Yes        ; |mcu|CPU:c1|mar_out[1]       ;
; 3:1                ; 7 bits    ; 14 LEs        ; 7 LEs                ; 7 LEs                  ; Yes        ; |mcu|CPU:c1|ir_out[11]       ;
; 3:1                ; 8 bits    ; 16 LEs        ; 8 LEs                ; 8 LEs                  ; Yes        ; |mcu|CPU:c1|port_b_out[3]    ;
; 6:1                ; 10 bits   ; 40 LEs        ; 30 LEs               ; 10 LEs                 ; Yes        ; |mcu|CPU:c1|pc_out[1]        ;
; 3:1                ; 6 bits    ; 12 LEs        ; 12 LEs               ; 0 LEs                  ; No         ; |mcu|CPU:c1|ir_out           ;
; 4:1                ; 3 bits    ; 6 LEs         ; 6 LEs                ; 0 LEs                  ; No         ; |mcu|CPU:c1|Stack:st|stk_ptr ;
; 7:1                ; 2 bits    ; 8 LEs         ; 6 LEs                ; 2 LEs                  ; No         ; |mcu|CPU:c1|sel_pc.001       ;
; 13:1               ; 6 bits    ; 48 LEs        ; 48 LEs               ; 0 LEs                  ; No         ; |mcu|CPU:c1|Selector22       ;
; 151:1              ; 5 bits    ; 500 LEs       ; 160 LEs              ; 340 LEs                ; No         ; |mcu|CPU:c1|op.1000          ;
+--------------------+-----------+---------------+----------------------+------------------------+------------+------------------------------+


+-------------------------------------------------------------------------------------------------------------+
; Source assignments for CPU:c1|single_port_ram_128x8:Ram|altsyncram:ram_rtl_0|altsyncram_v8c1:auto_generated ;
+---------------------------------+--------------------+------+-----------------------------------------------+
; Assignment                      ; Value              ; From ; To                                            ;
+---------------------------------+--------------------+------+-----------------------------------------------+
; OPTIMIZE_POWER_DURING_SYNTHESIS ; NORMAL_COMPILATION ; -    ; -                                             ;
+---------------------------------+--------------------+------+-----------------------------------------------+


+----------------------------------------------------------------------------------------------+
; Source assignments for CPU:c1|Stack:st|altsyncram:stack_rtl_0|altsyncram_9bc1:auto_generated ;
+---------------------------------+--------------------+------+--------------------------------+
; Assignment                      ; Value              ; From ; To                             ;
+---------------------------------+--------------------+------+--------------------------------+
; OPTIMIZE_POWER_DURING_SYNTHESIS ; NORMAL_COMPILATION ; -    ; -                              ;
+---------------------------------+--------------------+------+--------------------------------+


+--------------------------------------------------------------------------------------------------------+
; Parameter Settings for Inferred Entity Instance: CPU:c1|single_port_ram_128x8:Ram|altsyncram:ram_rtl_0 ;
+------------------------------------+----------------------+--------------------------------------------+
; Parameter Name                     ; Value                ; Type                                       ;
+------------------------------------+----------------------+--------------------------------------------+
; BYTE_SIZE_BLOCK                    ; 8                    ; Untyped                                    ;
; AUTO_CARRY_CHAINS                  ; ON                   ; AUTO_CARRY                                 ;
; IGNORE_CARRY_BUFFERS               ; OFF                  ; IGNORE_CARRY                               ;
; AUTO_CASCADE_CHAINS                ; ON                   ; AUTO_CASCADE                               ;
; IGNORE_CASCADE_BUFFERS             ; OFF                  ; IGNORE_CASCADE                             ;
; WIDTH_BYTEENA                      ; 1                    ; Untyped                                    ;
; OPERATION_MODE                     ; DUAL_PORT            ; Untyped                                    ;
; WIDTH_A                            ; 8                    ; Untyped                                    ;
; WIDTHAD_A                          ; 6                    ; Untyped                                    ;
; NUMWORDS_A                         ; 64                   ; Untyped                                    ;
; OUTDATA_REG_A                      ; UNREGISTERED         ; Untyped                                    ;
; ADDRESS_ACLR_A                     ; NONE                 ; Untyped                                    ;
; OUTDATA_ACLR_A                     ; NONE                 ; Untyped                                    ;
; WRCONTROL_ACLR_A                   ; NONE                 ; Untyped                                    ;
; INDATA_ACLR_A                      ; NONE                 ; Untyped                                    ;
; BYTEENA_ACLR_A                     ; NONE                 ; Untyped                                    ;
; WIDTH_B                            ; 8                    ; Untyped                                    ;
; WIDTHAD_B                          ; 6                    ; Untyped                                    ;
; NUMWORDS_B                         ; 64                   ; Untyped                                    ;
; INDATA_REG_B                       ; CLOCK1               ; Untyped                                    ;
; WRCONTROL_WRADDRESS_REG_B          ; CLOCK1               ; Untyped                                    ;
; RDCONTROL_REG_B                    ; CLOCK1               ; Untyped                                    ;
; ADDRESS_REG_B                      ; CLOCK0               ; Untyped                                    ;
; OUTDATA_REG_B                      ; UNREGISTERED         ; Untyped                                    ;
; BYTEENA_REG_B                      ; CLOCK1               ; Untyped                                    ;
; INDATA_ACLR_B                      ; NONE                 ; Untyped                                    ;
; WRCONTROL_ACLR_B                   ; NONE                 ; Untyped                                    ;
; ADDRESS_ACLR_B                     ; NONE                 ; Untyped                                    ;
; OUTDATA_ACLR_B                     ; NONE                 ; Untyped                                    ;
; RDCONTROL_ACLR_B                   ; NONE                 ; Untyped                                    ;
; BYTEENA_ACLR_B                     ; NONE                 ; Untyped                                    ;
; WIDTH_BYTEENA_A                    ; 1                    ; Untyped                                    ;
; WIDTH_BYTEENA_B                    ; 1                    ; Untyped                                    ;
; RAM_BLOCK_TYPE                     ; AUTO                 ; Untyped                                    ;
; BYTE_SIZE                          ; 8                    ; Untyped                                    ;
; READ_DURING_WRITE_MODE_MIXED_PORTS ; DONT_CARE            ; Untyped                                    ;
; READ_DURING_WRITE_MODE_PORT_A      ; NEW_DATA_NO_NBE_READ ; Untyped                                    ;
; READ_DURING_WRITE_MODE_PORT_B      ; NEW_DATA_NO_NBE_READ ; Untyped                                    ;
; INIT_FILE                          ; UNUSED               ; Untyped                                    ;
; INIT_FILE_LAYOUT                   ; PORT_A               ; Untyped                                    ;
; MAXIMUM_DEPTH                      ; 0                    ; Untyped                                    ;
; CLOCK_ENABLE_INPUT_A               ; NORMAL               ; Untyped                                    ;
; CLOCK_ENABLE_INPUT_B               ; NORMAL               ; Untyped                                    ;
; CLOCK_ENABLE_OUTPUT_A              ; NORMAL               ; Untyped                                    ;
; CLOCK_ENABLE_OUTPUT_B              ; NORMAL               ; Untyped                                    ;
; CLOCK_ENABLE_CORE_A                ; USE_INPUT_CLKEN      ; Untyped                                    ;
; CLOCK_ENABLE_CORE_B                ; USE_INPUT_CLKEN      ; Untyped                                    ;
; ENABLE_ECC                         ; FALSE                ; Untyped                                    ;
; ECC_PIPELINE_STAGE_ENABLED         ; FALSE                ; Untyped                                    ;
; WIDTH_ECCSTATUS                    ; 3                    ; Untyped                                    ;
; DEVICE_FAMILY                      ; Cyclone III          ; Untyped                                    ;
; CBXI_PARAMETER                     ; altsyncram_v8c1      ; Untyped                                    ;
+------------------------------------+----------------------+--------------------------------------------+
Note: In order to hide this table in the UI and the text report file, please set the "Show Parameter Settings in Synthesis Report" option in "Analysis and Synthesis Settings -> More Settings" to "Off".


+-----------------------------------------------------------------------------------------+
; Parameter Settings for Inferred Entity Instance: CPU:c1|Stack:st|altsyncram:stack_rtl_0 ;
+------------------------------------+----------------------+-----------------------------+
; Parameter Name                     ; Value                ; Type                        ;
+------------------------------------+----------------------+-----------------------------+
; BYTE_SIZE_BLOCK                    ; 8                    ; Untyped                     ;
; AUTO_CARRY_CHAINS                  ; ON                   ; AUTO_CARRY                  ;
; IGNORE_CARRY_BUFFERS               ; OFF                  ; IGNORE_CARRY                ;
; AUTO_CASCADE_CHAINS                ; ON                   ; AUTO_CASCADE                ;
; IGNORE_CASCADE_BUFFERS             ; OFF                  ; IGNORE_CASCADE              ;
; WIDTH_BYTEENA                      ; 1                    ; Untyped                     ;
; OPERATION_MODE                     ; DUAL_PORT            ; Untyped                     ;
; WIDTH_A                            ; 11                   ; Untyped                     ;
; WIDTHAD_A                          ; 4                    ; Untyped                     ;
; NUMWORDS_A                         ; 16                   ; Untyped                     ;
; OUTDATA_REG_A                      ; UNREGISTERED         ; Untyped                     ;
; ADDRESS_ACLR_A                     ; NONE                 ; Untyped                     ;
; OUTDATA_ACLR_A                     ; NONE                 ; Untyped                     ;
; WRCONTROL_ACLR_A                   ; NONE                 ; Untyped                     ;
; INDATA_ACLR_A                      ; NONE                 ; Untyped                     ;
; BYTEENA_ACLR_A                     ; NONE                 ; Untyped                     ;
; WIDTH_B                            ; 11                   ; Untyped                     ;
; WIDTHAD_B                          ; 4                    ; Untyped                     ;
; NUMWORDS_B                         ; 16                   ; Untyped                     ;
; INDATA_REG_B                       ; CLOCK1               ; Untyped                     ;
; WRCONTROL_WRADDRESS_REG_B          ; CLOCK1               ; Untyped                     ;
; RDCONTROL_REG_B                    ; CLOCK1               ; Untyped                     ;
; ADDRESS_REG_B                      ; CLOCK0               ; Untyped                     ;
; OUTDATA_REG_B                      ; UNREGISTERED         ; Untyped                     ;
; BYTEENA_REG_B                      ; CLOCK1               ; Untyped                     ;
; INDATA_ACLR_B                      ; NONE                 ; Untyped                     ;
; WRCONTROL_ACLR_B                   ; NONE                 ; Untyped                     ;
; ADDRESS_ACLR_B                     ; NONE                 ; Untyped                     ;
; OUTDATA_ACLR_B                     ; NONE                 ; Untyped                     ;
; RDCONTROL_ACLR_B                   ; NONE                 ; Untyped                     ;
; BYTEENA_ACLR_B                     ; NONE                 ; Untyped                     ;
; WIDTH_BYTEENA_A                    ; 1                    ; Untyped                     ;
; WIDTH_BYTEENA_B                    ; 1                    ; Untyped                     ;
; RAM_BLOCK_TYPE                     ; AUTO                 ; Untyped                     ;
; BYTE_SIZE                          ; 8                    ; Untyped                     ;
; READ_DURING_WRITE_MODE_MIXED_PORTS ; DONT_CARE            ; Untyped                     ;
; READ_DURING_WRITE_MODE_PORT_A      ; NEW_DATA_NO_NBE_READ ; Untyped                     ;
; READ_DURING_WRITE_MODE_PORT_B      ; NEW_DATA_NO_NBE_READ ; Untyped                     ;
; INIT_FILE                          ; UNUSED               ; Untyped                     ;
; INIT_FILE_LAYOUT                   ; PORT_A               ; Untyped                     ;
; MAXIMUM_DEPTH                      ; 0                    ; Untyped                     ;
; CLOCK_ENABLE_INPUT_A               ; NORMAL               ; Untyped                     ;
; CLOCK_ENABLE_INPUT_B               ; NORMAL               ; Untyped                     ;
; CLOCK_ENABLE_OUTPUT_A              ; NORMAL               ; Untyped                     ;
; CLOCK_ENABLE_OUTPUT_B              ; NORMAL               ; Untyped                     ;
; CLOCK_ENABLE_CORE_A                ; USE_INPUT_CLKEN      ; Untyped                     ;
; CLOCK_ENABLE_CORE_B                ; USE_INPUT_CLKEN      ; Untyped                     ;
; ENABLE_ECC                         ; FALSE                ; Untyped                     ;
; ECC_PIPELINE_STAGE_ENABLED         ; FALSE                ; Untyped                     ;
; WIDTH_ECCSTATUS                    ; 3                    ; Untyped                     ;
; DEVICE_FAMILY                      ; Cyclone III          ; Untyped                     ;
; CBXI_PARAMETER                     ; altsyncram_9bc1      ; Untyped                     ;
+------------------------------------+----------------------+-----------------------------+
Note: In order to hide this table in the UI and the text report file, please set the "Show Parameter Settings in Synthesis Report" option in "Analysis and Synthesis Settings -> More Settings" to "Off".


+---------------------------------------------------------------------------------------------------+
; altsyncram Parameter Settings by Entity Instance                                                  ;
+-------------------------------------------+-------------------------------------------------------+
; Name                                      ; Value                                                 ;
+-------------------------------------------+-------------------------------------------------------+
; Number of entity instances                ; 2                                                     ;
; Entity Instance                           ; CPU:c1|single_port_ram_128x8:Ram|altsyncram:ram_rtl_0 ;
;     -- OPERATION_MODE                     ; DUAL_PORT                                             ;
;     -- WIDTH_A                            ; 8                                                     ;
;     -- NUMWORDS_A                         ; 64                                                    ;
;     -- OUTDATA_REG_A                      ; UNREGISTERED                                          ;
;     -- WIDTH_B                            ; 8                                                     ;
;     -- NUMWORDS_B                         ; 64                                                    ;
;     -- ADDRESS_REG_B                      ; CLOCK0                                                ;
;     -- OUTDATA_REG_B                      ; UNREGISTERED                                          ;
;     -- RAM_BLOCK_TYPE                     ; AUTO                                                  ;
;     -- READ_DURING_WRITE_MODE_MIXED_PORTS ; DONT_CARE                                             ;
; Entity Instance                           ; CPU:c1|Stack:st|altsyncram:stack_rtl_0                ;
;     -- OPERATION_MODE                     ; DUAL_PORT                                             ;
;     -- WIDTH_A                            ; 11                                                    ;
;     -- NUMWORDS_A                         ; 16                                                    ;
;     -- OUTDATA_REG_A                      ; UNREGISTERED                                          ;
;     -- WIDTH_B                            ; 11                                                    ;
;     -- NUMWORDS_B                         ; 16                                                    ;
;     -- ADDRESS_REG_B                      ; CLOCK0                                                ;
;     -- OUTDATA_REG_B                      ; UNREGISTERED                                          ;
;     -- RAM_BLOCK_TYPE                     ; AUTO                                                  ;
;     -- READ_DURING_WRITE_MODE_MIXED_PORTS ; DONT_CARE                                             ;
+-------------------------------------------+-------------------------------------------------------+


+-------------------------------+
; Elapsed Time Per Partition    ;
+----------------+--------------+
; Partition Name ; Elapsed Time ;
+----------------+--------------+
; Top            ; 00:00:01     ;
+----------------+--------------+


+-------------------------------+
; Analysis & Synthesis Messages ;
+-------------------------------+
Info: *******************************************************************
Info: Running Quartus II 64-Bit Analysis & Synthesis
    Info: Version 13.1.0 Build 162 10/23/2013 SJ Web Edition
    Info: Processing started: Mon Dec 21 18:56:10 2020
Info: Command: quartus_map --read_settings_files=on --write_settings_files=off mcu -c mcu
Info (11104): Parallel Compilation has detected 8 hyper-threaded processors. However, the extra hyper-threaded processors will not be used by default. Parallel Compilation will use 4 of the 4 physical processors detected instead.
Warning (10229): Verilog HDL Expression warning at seven_segment.v(9): truncated literal to match 7 bits
Warning (10229): Verilog HDL Expression warning at seven_segment.v(10): truncated literal to match 7 bits
Warning (10229): Verilog HDL Expression warning at seven_segment.v(11): truncated literal to match 7 bits
Warning (10229): Verilog HDL Expression warning at seven_segment.v(12): truncated literal to match 7 bits
Warning (10229): Verilog HDL Expression warning at seven_segment.v(13): truncated literal to match 7 bits
Warning (10229): Verilog HDL Expression warning at seven_segment.v(14): truncated literal to match 7 bits
Warning (10229): Verilog HDL Expression warning at seven_segment.v(15): truncated literal to match 7 bits
Warning (10229): Verilog HDL Expression warning at seven_segment.v(16): truncated literal to match 7 bits
Warning (10229): Verilog HDL Expression warning at seven_segment.v(17): truncated literal to match 7 bits
Warning (10229): Verilog HDL Expression warning at seven_segment.v(18): truncated literal to match 7 bits
Warning (10229): Verilog HDL Expression warning at seven_segment.v(19): truncated literal to match 7 bits
Warning (10229): Verilog HDL Expression warning at seven_segment.v(20): truncated literal to match 7 bits
Warning (10229): Verilog HDL Expression warning at seven_segment.v(21): truncated literal to match 7 bits
Warning (10229): Verilog HDL Expression warning at seven_segment.v(22): truncated literal to match 7 bits
Warning (10229): Verilog HDL Expression warning at seven_segment.v(23): truncated literal to match 7 bits
Warning (10229): Verilog HDL Expression warning at seven_segment.v(24): truncated literal to match 7 bits
Info (12021): Found 1 design units, including 1 entities, in source file seven_segment.v
    Info (12023): Found entity 1: seven_segment
Info (12021): Found 1 design units, including 1 entities, in source file stack.v
    Info (12023): Found entity 1: Stack
Info (12021): Found 1 design units, including 1 entities, in source file single_port_ram_128x8.v
    Info (12023): Found entity 1: single_port_ram_128x8
Info (12021): Found 1 design units, including 1 entities, in source file program_rom.v
    Info (12023): Found entity 1: Program_Rom
Info (12021): Found 1 design units, including 1 entities, in source file cpu.v
    Info (12023): Found entity 1: CPU
Info (12021): Found 1 design units, including 1 entities, in source file mcu.v
    Info (12023): Found entity 1: mcu
Warning (10236): Verilog HDL Implicit Net warning at CPU.v(88): created implicit net for "btfsc_skip_bit"
Warning (10236): Verilog HDL Implicit Net warning at CPU.v(89): created implicit net for "btfss_skip_bit"
Warning (10236): Verilog HDL Implicit Net warning at CPU.v(179): created implicit net for "addr_port_b"
Warning (10236): Verilog HDL Implicit Net warning at CPU.v(187): created implicit net for "MOVLW"
Warning (10236): Verilog HDL Implicit Net warning at CPU.v(188): created implicit net for "ADDLW"
Warning (10236): Verilog HDL Implicit Net warning at CPU.v(189): created implicit net for "SUBLW"
Warning (10236): Verilog HDL Implicit Net warning at CPU.v(190): created implicit net for "ANDLW"
Warning (10236): Verilog HDL Implicit Net warning at CPU.v(191): created implicit net for "IORLW"
Warning (10236): Verilog HDL Implicit Net warning at CPU.v(192): created implicit net for "XORLW"
Warning (10236): Verilog HDL Implicit Net warning at CPU.v(194): created implicit net for "ADDWF"
Warning (10236): Verilog HDL Implicit Net warning at CPU.v(195): created implicit net for "ANDWF"
Warning (10236): Verilog HDL Implicit Net warning at CPU.v(196): created implicit net for "CLRF"
Warning (10236): Verilog HDL Implicit Net warning at CPU.v(197): created implicit net for "CLRW"
Warning (10236): Verilog HDL Implicit Net warning at CPU.v(198): created implicit net for "COMF"
Warning (10236): Verilog HDL Implicit Net warning at CPU.v(199): created implicit net for "DECF"
Warning (10236): Verilog HDL Implicit Net warning at CPU.v(200): created implicit net for "GOTO"
Warning (10236): Verilog HDL Implicit Net warning at CPU.v(202): created implicit net for "INCF"
Warning (10236): Verilog HDL Implicit Net warning at CPU.v(203): created implicit net for "IORWF"
Warning (10236): Verilog HDL Implicit Net warning at CPU.v(204): created implicit net for "MOVF"
Warning (10236): Verilog HDL Implicit Net warning at CPU.v(205): created implicit net for "MOVWF"
Warning (10236): Verilog HDL Implicit Net warning at CPU.v(206): created implicit net for "SUBWF"
Warning (10236): Verilog HDL Implicit Net warning at CPU.v(207): created implicit net for "XORWF"
Warning (10236): Verilog HDL Implicit Net warning at CPU.v(209): created implicit net for "DECFSZ"
Warning (10236): Verilog HDL Implicit Net warning at CPU.v(210): created implicit net for "INCFSZ"
Warning (10236): Verilog HDL Implicit Net warning at CPU.v(212): created implicit net for "BCF"
Warning (10236): Verilog HDL Implicit Net warning at CPU.v(213): created implicit net for "BSF"
Warning (10236): Verilog HDL Implicit Net warning at CPU.v(214): created implicit net for "BTFSC"
Warning (10236): Verilog HDL Implicit Net warning at CPU.v(215): created implicit net for "BTFSS"
Warning (10236): Verilog HDL Implicit Net warning at CPU.v(216): created implicit net for "btfsc_btfss_skip_bit"
Warning (10236): Verilog HDL Implicit Net warning at CPU.v(218): created implicit net for "ASRF"
Warning (10236): Verilog HDL Implicit Net warning at CPU.v(219): created implicit net for "LSLF"
Warning (10236): Verilog HDL Implicit Net warning at CPU.v(220): created implicit net for "LSRF"
Warning (10236): Verilog HDL Implicit Net warning at CPU.v(221): created implicit net for "RLF"
Warning (10236): Verilog HDL Implicit Net warning at CPU.v(222): created implicit net for "RRF"
Warning (10236): Verilog HDL Implicit Net warning at CPU.v(223): created implicit net for "SWAPF"
Warning (10236): Verilog HDL Implicit Net warning at CPU.v(225): created implicit net for "CALL"
Warning (10236): Verilog HDL Implicit Net warning at CPU.v(226): created implicit net for "RETURN"
Info (12127): Elaborating entity "mcu" for the top level hierarchy
Warning (10034): Output port "HEX2" at mcu.v(14) has no driver
Warning (10034): Output port "HEX3" at mcu.v(15) has no driver
Warning (10034): Output port "LED" at mcu.v(18) has no driver
Info (12128): Elaborating entity "seven_segment" for hierarchy "seven_segment:s1"
Info (12128): Elaborating entity "CPU" for hierarchy "CPU:c1"
Warning (10230): Verilog HDL assignment warning at CPU.v(46): truncated value with size 32 to match size of target (11)
Warning (10230): Verilog HDL assignment warning at CPU.v(150): truncated value with size 32 to match size of target (8)
Warning (10230): Verilog HDL assignment warning at CPU.v(151): truncated value with size 32 to match size of target (8)
Warning (10240): Verilog HDL Always Construct warning at CPU.v(237): inferring latch(es) for variable "sel_alu", which holds its previous value in one or more paths through the always construct
Warning (10240): Verilog HDL Always Construct warning at CPU.v(237): inferring latch(es) for variable "op", which holds its previous value in one or more paths through the always construct
Warning (10240): Verilog HDL Always Construct warning at CPU.v(237): inferring latch(es) for variable "sel_bus", which holds its previous value in one or more paths through the always construct
Info (10041): Inferred latch for "sel_bus" at CPU.v(237)
Info (10041): Inferred latch for "op.1111" at CPU.v(237)
Info (10041): Inferred latch for "op.1110" at CPU.v(237)
Info (10041): Inferred latch for "op.1101" at CPU.v(237)
Info (10041): Inferred latch for "op.1100" at CPU.v(237)
Info (10041): Inferred latch for "op.1011" at CPU.v(237)
Info (10041): Inferred latch for "op.1010" at CPU.v(237)
Info (10041): Inferred latch for "op.1001" at CPU.v(237)
Info (10041): Inferred latch for "op.1000" at CPU.v(237)
Info (10041): Inferred latch for "op.0111" at CPU.v(237)
Info (10041): Inferred latch for "op.0110" at CPU.v(237)
Info (10041): Inferred latch for "op.0101" at CPU.v(237)
Info (10041): Inferred latch for "op.0100" at CPU.v(237)
Info (10041): Inferred latch for "op.0011" at CPU.v(237)
Info (10041): Inferred latch for "op.0010" at CPU.v(237)
Info (10041): Inferred latch for "op.0001" at CPU.v(237)
Info (10041): Inferred latch for "op.0000" at CPU.v(237)
Info (10041): Inferred latch for "sel_alu" at CPU.v(237)
Info (12128): Elaborating entity "Stack" for hierarchy "CPU:c1|Stack:st"
Warning (10230): Verilog HDL assignment warning at Stack.v(19): truncated value with size 32 to match size of target (4)
Warning (10230): Verilog HDL assignment warning at Stack.v(30): truncated value with size 32 to match size of target (4)
Warning (10230): Verilog HDL assignment warning at Stack.v(33): truncated value with size 32 to match size of target (4)
Info (12128): Elaborating entity "Program_Rom" for hierarchy "CPU:c1|Program_Rom:Rom"
Info (12128): Elaborating entity "single_port_ram_128x8" for hierarchy "CPU:c1|single_port_ram_128x8:Ram"
Warning (276020): Inferred RAM node "CPU:c1|single_port_ram_128x8:Ram|ram_rtl_0" from synchronous design logic.  Pass-through logic has been added to match the read-during-write behavior of the original design.
Warning (276020): Inferred RAM node "CPU:c1|Stack:st|stack_rtl_0" from synchronous design logic.  Pass-through logic has been added to match the read-during-write behavior of the original design.
Info (19000): Inferred 2 megafunctions from design logic
    Info (276029): Inferred altsyncram megafunction from the following design logic: "CPU:c1|single_port_ram_128x8:Ram|ram_rtl_0" 
        Info (286033): Parameter OPERATION_MODE set to DUAL_PORT
        Info (286033): Parameter WIDTH_A set to 8
        Info (286033): Parameter WIDTHAD_A set to 6
        Info (286033): Parameter NUMWORDS_A set to 64
        Info (286033): Parameter WIDTH_B set to 8
        Info (286033): Parameter WIDTHAD_B set to 6
        Info (286033): Parameter NUMWORDS_B set to 64
        Info (286033): Parameter ADDRESS_ACLR_A set to NONE
        Info (286033): Parameter OUTDATA_REG_B set to UNREGISTERED
        Info (286033): Parameter ADDRESS_ACLR_B set to NONE
        Info (286033): Parameter OUTDATA_ACLR_B set to NONE
        Info (286033): Parameter ADDRESS_REG_B set to CLOCK0
        Info (286033): Parameter INDATA_ACLR_A set to NONE
        Info (286033): Parameter WRCONTROL_ACLR_A set to NONE
    Info (276029): Inferred altsyncram megafunction from the following design logic: "CPU:c1|Stack:st|stack_rtl_0" 
        Info (286033): Parameter OPERATION_MODE set to DUAL_PORT
        Info (286033): Parameter WIDTH_A set to 11
        Info (286033): Parameter WIDTHAD_A set to 4
        Info (286033): Parameter NUMWORDS_A set to 16
        Info (286033): Parameter WIDTH_B set to 11
        Info (286033): Parameter WIDTHAD_B set to 4
        Info (286033): Parameter NUMWORDS_B set to 16
        Info (286033): Parameter ADDRESS_ACLR_A set to NONE
        Info (286033): Parameter OUTDATA_REG_B set to UNREGISTERED
        Info (286033): Parameter ADDRESS_ACLR_B set to NONE
        Info (286033): Parameter OUTDATA_ACLR_B set to NONE
        Info (286033): Parameter ADDRESS_REG_B set to CLOCK0
        Info (286033): Parameter INDATA_ACLR_A set to NONE
        Info (286033): Parameter WRCONTROL_ACLR_A set to NONE
Info (12130): Elaborated megafunction instantiation "CPU:c1|single_port_ram_128x8:Ram|altsyncram:ram_rtl_0"
Info (12133): Instantiated megafunction "CPU:c1|single_port_ram_128x8:Ram|altsyncram:ram_rtl_0" with the following parameter:
    Info (12134): Parameter "OPERATION_MODE" = "DUAL_PORT"
    Info (12134): Parameter "WIDTH_A" = "8"
    Info (12134): Parameter "WIDTHAD_A" = "6"
    Info (12134): Parameter "NUMWORDS_A" = "64"
    Info (12134): Parameter "WIDTH_B" = "8"
    Info (12134): Parameter "WIDTHAD_B" = "6"
    Info (12134): Parameter "NUMWORDS_B" = "64"
    Info (12134): Parameter "ADDRESS_ACLR_A" = "NONE"
    Info (12134): Parameter "OUTDATA_REG_B" = "UNREGISTERED"
    Info (12134): Parameter "ADDRESS_ACLR_B" = "NONE"
    Info (12134): Parameter "OUTDATA_ACLR_B" = "NONE"
    Info (12134): Parameter "ADDRESS_REG_B" = "CLOCK0"
    Info (12134): Parameter "INDATA_ACLR_A" = "NONE"
    Info (12134): Parameter "WRCONTROL_ACLR_A" = "NONE"
Info (12021): Found 1 design units, including 1 entities, in source file db/altsyncram_v8c1.tdf
    Info (12023): Found entity 1: altsyncram_v8c1
Info (12130): Elaborated megafunction instantiation "CPU:c1|Stack:st|altsyncram:stack_rtl_0"
Info (12133): Instantiated megafunction "CPU:c1|Stack:st|altsyncram:stack_rtl_0" with the following parameter:
    Info (12134): Parameter "OPERATION_MODE" = "DUAL_PORT"
    Info (12134): Parameter "WIDTH_A" = "11"
    Info (12134): Parameter "WIDTHAD_A" = "4"
    Info (12134): Parameter "NUMWORDS_A" = "16"
    Info (12134): Parameter "WIDTH_B" = "11"
    Info (12134): Parameter "WIDTHAD_B" = "4"
    Info (12134): Parameter "NUMWORDS_B" = "16"
    Info (12134): Parameter "ADDRESS_ACLR_A" = "NONE"
    Info (12134): Parameter "OUTDATA_REG_B" = "UNREGISTERED"
    Info (12134): Parameter "ADDRESS_ACLR_B" = "NONE"
    Info (12134): Parameter "OUTDATA_ACLR_B" = "NONE"
    Info (12134): Parameter "ADDRESS_REG_B" = "CLOCK0"
    Info (12134): Parameter "INDATA_ACLR_A" = "NONE"
    Info (12134): Parameter "WRCONTROL_ACLR_A" = "NONE"
Info (12021): Found 1 design units, including 1 entities, in source file db/altsyncram_9bc1.tdf
    Info (12023): Found entity 1: altsyncram_9bc1
Warning (13012): Latch CPU:c1|op.1111_2023 has unsafe behavior
    Warning (13013): Ports D and ENA on the latch are fed by the same signal CPU:c1|ir_out[8]
Warning (13012): Latch CPU:c1|sel_alu has unsafe behavior
    Warning (13013): Ports D and ENA on the latch are fed by the same signal CPU:c1|ir_out[12]
Warning (13012): Latch CPU:c1|op.1101_2147 has unsafe behavior
    Warning (13013): Ports D and ENA on the latch are fed by the same signal CPU:c1|ir_out[8]
Warning (13012): Latch CPU:c1|op.1010_2333 has unsafe behavior
    Warning (13013): Ports D and ENA on the latch are fed by the same signal CPU:c1|ir_out[8]
Warning (13012): Latch CPU:c1|op.1110_2085 has unsafe behavior
    Warning (13013): Ports D and ENA on the latch are fed by the same signal CPU:c1|ir_out[8]
Warning (13012): Latch CPU:c1|op.1100_2209 has unsafe behavior
    Warning (13013): Ports D and ENA on the latch are fed by the same signal CPU:c1|ir_out[8]
Warning (13012): Latch CPU:c1|op.1001_2395 has unsafe behavior
    Warning (13013): Ports D and ENA on the latch are fed by the same signal CPU:c1|ir_out[8]
Warning (13012): Latch CPU:c1|op.0101_2643 has unsafe behavior
    Warning (13013): Ports D and ENA on the latch are fed by the same signal CPU:c1|ir_out[8]
Warning (13012): Latch CPU:c1|op.0100_2705 has unsafe behavior
    Warning (13013): Ports D and ENA on the latch are fed by the same signal CPU:c1|ir_out[8]
Warning (13012): Latch CPU:c1|op.0011_2767 has unsafe behavior
    Warning (13013): Ports D and ENA on the latch are fed by the same signal CPU:c1|ir_out[8]
Warning (13012): Latch CPU:c1|op.0010_2829 has unsafe behavior
    Warning (13013): Ports D and ENA on the latch are fed by the same signal CPU:c1|ir_out[8]
Warning (13012): Latch CPU:c1|op.0000_2953 has unsafe behavior
    Warning (13013): Ports D and ENA on the latch are fed by the same signal CPU:c1|ir_out[2]
Warning (13012): Latch CPU:c1|op.0111_2519 has unsafe behavior
    Warning (13013): Ports D and ENA on the latch are fed by the same signal CPU:c1|ir_out[8]
Warning (13012): Latch CPU:c1|op.0110_2581 has unsafe behavior
    Warning (13013): Ports D and ENA on the latch are fed by the same signal CPU:c1|ir_out[12]
Warning (13012): Latch CPU:c1|op.0001_2891 has unsafe behavior
    Warning (13013): Ports D and ENA on the latch are fed by the same signal CPU:c1|ir_out[8]
Warning (13012): Latch CPU:c1|sel_bus has unsafe behavior
    Warning (13013): Ports D and ENA on the latch are fed by the same signal CPU:c1|ir_out[7]
Warning (13012): Latch CPU:c1|op.1011_2271 has unsafe behavior
    Warning (13013): Ports D and ENA on the latch are fed by the same signal CPU:c1|ir_out[8]
Warning (13024): Output pins are stuck at VCC or GND
    Warning (13410): Pin "HEX2[0]" is stuck at GND
    Warning (13410): Pin "HEX2[1]" is stuck at GND
    Warning (13410): Pin "HEX2[2]" is stuck at GND
    Warning (13410): Pin "HEX2[3]" is stuck at GND
    Warning (13410): Pin "HEX2[4]" is stuck at GND
    Warning (13410): Pin "HEX2[5]" is stuck at GND
    Warning (13410): Pin "HEX2[6]" is stuck at GND
    Warning (13410): Pin "HEX3[0]" is stuck at GND
    Warning (13410): Pin "HEX3[1]" is stuck at GND
    Warning (13410): Pin "HEX3[2]" is stuck at GND
    Warning (13410): Pin "HEX3[3]" is stuck at GND
    Warning (13410): Pin "HEX3[4]" is stuck at GND
    Warning (13410): Pin "HEX3[5]" is stuck at GND
    Warning (13410): Pin "HEX3[6]" is stuck at GND
    Warning (13410): Pin "LED[0]" is stuck at GND
    Warning (13410): Pin "LED[1]" is stuck at GND
    Warning (13410): Pin "LED[2]" is stuck at GND
    Warning (13410): Pin "LED[3]" is stuck at GND
    Warning (13410): Pin "LED[4]" is stuck at GND
    Warning (13410): Pin "LED[5]" is stuck at GND
    Warning (13410): Pin "LED[6]" is stuck at GND
    Warning (13410): Pin "LED[7]" is stuck at GND
    Warning (13410): Pin "LED[8]" is stuck at GND
    Warning (13410): Pin "LED[9]" is stuck at GND
Info (286030): Timing-Driven Synthesis is running
Info (17049): 2 registers lost all their fanouts during netlist optimizations.
Info (144001): Generated suppressed messages file C:/Users/user/Desktop/hw12/hw12/de0_empty_project (1)/de0/output_files/mcu.map.smsg
Info (16010): Generating hard_block partition "hard_block:auto_generated_inst"
    Info (16011): Adding 0 node(s), including 0 DDIO, 0 PLL, 0 transceiver and 0 LCELL
Warning (21074): Design contains 12 input pin(s) that do not drive logic
    Warning (15610): No output dependent on input pin "SW[0]"
    Warning (15610): No output dependent on input pin "SW[1]"
    Warning (15610): No output dependent on input pin "SW[2]"
    Warning (15610): No output dependent on input pin "SW[3]"
    Warning (15610): No output dependent on input pin "SW[4]"
    Warning (15610): No output dependent on input pin "SW[5]"
    Warning (15610): No output dependent on input pin "SW[6]"
    Warning (15610): No output dependent on input pin "SW[7]"
    Warning (15610): No output dependent on input pin "SW[8]"
    Warning (15610): No output dependent on input pin "SW[9]"
    Warning (15610): No output dependent on input pin "BTN[1]"
    Warning (15610): No output dependent on input pin "BTN[2]"
Info (21057): Implemented 590 device resources after synthesis - the final resource count might be different
    Info (21058): Implemented 14 input pins
    Info (21059): Implemented 38 output pins
    Info (21061): Implemented 519 logic cells
    Info (21064): Implemented 19 RAM segments
Info: Quartus II 64-Bit Analysis & Synthesis was successful. 0 errors, 139 warnings
    Info: Peak virtual memory: 507 megabytes
    Info: Processing ended: Mon Dec 21 18:56:13 2020
    Info: Elapsed time: 00:00:03
    Info: Total CPU time (on all processors): 00:00:03


+------------------------------------------+
; Analysis & Synthesis Suppressed Messages ;
+------------------------------------------+
The suppressed messages can be found in C:/Users/user/Desktop/hw12/hw12/de0_empty_project (1)/de0/output_files/mcu.map.smsg.


